{"C:\\Users\\quann\\Documents\\MvBookingMain\\MovieTicketBookingSystemm\\mobile-app\\src\\translations\\en.ts": {"path":"C:\\Users\\quann\\Documents\\MvBookingMain\\MovieTicketBookingSystemm\\mobile-app\\src\\translations\\en.ts","statementMap":{},"fnMap":{},"branchMap":{},"s":{},"f":{},"b":{},"_coverageSchema":"1a1c01bbd47fc00a2c39e90264f33305004495a9","hash":"deedee5aa39c9f2b7fc64285d2f49045c499639d"}
,"C:\\Users\\quann\\Documents\\MvBookingMain\\MovieTicketBookingSystemm\\mobile-app\\src\\translations\\vi.ts": {"path":"C:\\Users\\quann\\Documents\\MvBookingMain\\MovieTicketBookingSystemm\\mobile-app\\src\\translations\\vi.ts","statementMap":{},"fnMap":{},"branchMap":{},"s":{},"f":{},"b":{},"_coverageSchema":"1a1c01bbd47fc00a2c39e90264f33305004495a9","hash":"3d30f58db1942071f4197ebb608faa99eb29e1c1"}
}
