{"C:\\Users\\quann\\Documents\\MvBookingMain\\MovieTicketBookingSystemm\\mobile-app\\src\\screens\\CheckoutScreen.tsx": {"path":"C:\\Users\\quann\\Documents\\MvBookingMain\\MovieTicketBookingSystemm\\mobile-app\\src\\screens\\CheckoutScreen.tsx","statementMap":{"0":{"start":{"line":12,"column":23},"end":{"line":198,"column":1}},"1":{"start":{"line":22,"column":6},"end":{"line":22,"column":18}},"2":{"start":{"line":24,"column":24},"end":{"line":24,"column":40}},"3":{"start":{"line":25,"column":16},"end":{"line":25,"column":26}},"4":{"start":{"line":26,"column":19},"end":{"line":26,"column":28}},"5":{"start":{"line":27,"column":38},"end":{"line":27,"column":50}},"6":{"start":{"line":29,"column":38},"end":{"line":29,"column":50}},"7":{"start":{"line":30,"column":34},"end":{"line":30,"column":45}},"8":{"start":{"line":31,"column":44},"end":{"line":31,"column":59}},"9":{"start":{"line":32,"column":32},"end":{"line":32,"column":47}},"10":{"start":{"line":33,"column":50},"end":{"line":33,"column":65}},"11":{"start":{"line":35,"column":2},"end":{"line":40,"column":32}},"12":{"start":{"line":36,"column":4},"end":{"line":39,"column":5}},"13":{"start":{"line":37,"column":6},"end":{"line":37,"column":87}},"14":{"start":{"line":38,"column":6},"end":{"line":38,"column":26}},"15":{"start":{"line":42,"column":19},"end":{"line":42,"column":54}},"16":{"start":{"line":43,"column":16},"end":{"line":43,"column":35}},"17":{"start":{"line":45,"column":28},"end":{"line":61,"column":3}},"18":{"start":{"line":46,"column":4},"end":{"line":46,"column":28}},"19":{"start":{"line":46,"column":21},"end":{"line":46,"column":28}},"20":{"start":{"line":48,"column":4},"end":{"line":48,"column":30}},"21":{"start":{"line":49,"column":4},"end":{"line":60,"column":5}},"22":{"start":{"line":50,"column":21},"end":{"line":50,"column":72}},"23":{"start":{"line":51,"column":6},"end":{"line":51,"column":41}},"24":{"start":{"line":52,"column":6},"end":{"line":52,"column":29}},"25":{"start":{"line":53,"column":6},"end":{"line":53,"column":76}},"26":{"start":{"line":55,"column":6},"end":{"line":55,"column":121}},"27":{"start":{"line":56,"column":6},"end":{"line":56,"column":21}},"28":{"start":{"line":57,"column":6},"end":{"line":57,"column":30}},"29":{"start":{"line":59,"column":6},"end":{"line":59,"column":33}},"30":{"start":{"line":63,"column":24},"end":{"line":105,"column":3}},"31":{"start":{"line":64,"column":4},"end":{"line":64,"column":21}},"32":{"start":{"line":65,"column":4},"end":{"line":104,"column":5}},"33":{"start":{"line":67,"column":26},"end":{"line":73,"column":7}},"34":{"start":{"line":75,"column":22},"end":{"line":75,"column":54}},"35":{"start":{"line":78,"column":26},"end":{"line":80,"column":8}},"36":{"start":{"line":81,"column":6},"end":{"line":81,"column":55}},"37":{"start":{"line":83,"column":23},"end":{"line":83,"column":71}},"38":{"start":{"line":84,"column":6},"end":{"line":84,"column":54}},"39":{"start":{"line":87,"column":25},"end":{"line":87,"column":38}},"40":{"start":{"line":90,"column":24},"end":{"line":90,"column":60}},"41":{"start":{"line":91,"column":6},"end":{"line":98,"column":7}},"42":{"start":{"line":92,"column":8},"end":{"line":92,"column":42}},"43":{"start":{"line":97,"column":8},"end":{"line":97,"column":76}},"44":{"start":{"line":100,"column":6},"end":{"line":100,"column":45}},"45":{"start":{"line":101,"column":6},"end":{"line":101,"column":104}},"46":{"start":{"line":103,"column":6},"end":{"line":103,"column":24}},"47":{"start":{"line":107,"column":2},"end":{"line":197,"column":4}},"48":{"start":{"line":110,"column":55},"end":{"line":110,"column":74}},"49":{"start":{"line":142,"column":44},"end":{"line":142,"column":78}},"50":{"start":{"line":148,"column":45},"end":{"line":148,"column":69}},"51":{"start":{"line":148,"column":70},"end":{"line":148,"column":85}},"52":{"start":{"line":148,"column":86},"end":{"line":148,"column":104}},"53":{"start":{"line":178,"column":27},"end":{"line":178,"column":81}},"54":{"start":{"line":179,"column":28},"end":{"line":179,"column":101}},"55":{"start":{"line":200,"column":15},"end":{"line":311,"column":2}}},"fnMap":{"0":{"name":"(anonymous_0)","decl":{"start":{"line":12,"column":23},"end":{"line":12,"column":24}},"loc":{"start":{"line":12,"column":55},"end":{"line":198,"column":1}},"line":12},"1":{"name":"(anonymous_1)","decl":{"start":{"line":35,"column":12},"end":{"line":35,"column":13}},"loc":{"start":{"line":35,"column":18},"end":{"line":40,"column":3}},"line":35},"2":{"name":"(anonymous_2)","decl":{"start":{"line":45,"column":28},"end":{"line":45,"column":29}},"loc":{"start":{"line":45,"column":40},"end":{"line":61,"column":3}},"line":45},"3":{"name":"(anonymous_3)","decl":{"start":{"line":63,"column":24},"end":{"line":63,"column":25}},"loc":{"start":{"line":63,"column":36},"end":{"line":105,"column":3}},"line":63},"4":{"name":"(anonymous_4)","decl":{"start":{"line":110,"column":49},"end":{"line":110,"column":50}},"loc":{"start":{"line":110,"column":55},"end":{"line":110,"column":74}},"line":110},"5":{"name":"(anonymous_5)","decl":{"start":{"line":142,"column":38},"end":{"line":142,"column":39}},"loc":{"start":{"line":142,"column":44},"end":{"line":142,"column":78}},"line":142},"6":{"name":"(anonymous_6)","decl":{"start":{"line":148,"column":37},"end":{"line":148,"column":38}},"loc":{"start":{"line":148,"column":43},"end":{"line":148,"column":106}},"line":148},"7":{"name":"(anonymous_7)","decl":{"start":{"line":178,"column":18},"end":{"line":178,"column":19}},"loc":{"start":{"line":178,"column":27},"end":{"line":178,"column":81}},"line":178},"8":{"name":"(anonymous_8)","decl":{"start":{"line":179,"column":19},"end":{"line":179,"column":20}},"loc":{"start":{"line":179,"column":28},"end":{"line":179,"column":101}},"line":179}},"branchMap":{"0":{"loc":{"start":{"line":36,"column":4},"end":{"line":39,"column":5}},"type":"if","locations":[{"start":{"line":36,"column":4},"end":{"line":39,"column":5}},{"start":{},"end":{}}],"line":36},"1":{"loc":{"start":{"line":36,"column":8},"end":{"line":36,"column":38}},"type":"binary-expr","locations":[{"start":{"line":36,"column":8},"end":{"line":36,"column":21}},{"start":{"line":36,"column":25},"end":{"line":36,"column":38}}],"line":36},"2":{"loc":{"start":{"line":46,"column":4},"end":{"line":46,"column":28}},"type":"if","locations":[{"start":{"line":46,"column":4},"end":{"line":46,"column":28}},{"start":{},"end":{}}],"line":46},"3":{"loc":{"start":{"line":55,"column":55},"end":{"line":55,"column":119}},"type":"binary-expr","locations":[{"start":{"line":55,"column":55},"end":{"line":55,"column":82}},{"start":{"line":55,"column":86},"end":{"line":55,"column":119}}],"line":55},"4":{"loc":{"start":{"line":72,"column":20},"end":{"line":72,"column":58}},"type":"cond-expr","locations":[{"start":{"line":72,"column":36},"end":{"line":72,"column":46}},{"start":{"line":72,"column":49},"end":{"line":72,"column":58}}],"line":72},"5":{"loc":{"start":{"line":91,"column":6},"end":{"line":98,"column":7}},"type":"if","locations":[{"start":{"line":91,"column":6},"end":{"line":98,"column":7}},{"start":{"line":96,"column":13},"end":{"line":98,"column":7}}],"line":91},"6":{"loc":{"start":{"line":101,"column":37},"end":{"line":101,"column":102}},"type":"binary-expr","locations":[{"start":{"line":101,"column":37},"end":{"line":101,"column":64}},{"start":{"line":101,"column":68},"end":{"line":101,"column":102}}],"line":101},"7":{"loc":{"start":{"line":122,"column":53},"end":{"line":122,"column":88}},"type":"cond-expr","locations":[{"start":{"line":122,"column":71},"end":{"line":122,"column":78}},{"start":{"line":122,"column":81},"end":{"line":122,"column":88}}],"line":122},"8":{"loc":{"start":{"line":139,"column":22},"end":{"line":139,"column":55}},"type":"binary-expr","locations":[{"start":{"line":139,"column":22},"end":{"line":139,"column":35}},{"start":{"line":139,"column":39},"end":{"line":139,"column":55}}],"line":139},"9":{"loc":{"start":{"line":141,"column":14},"end":{"line":143,"column":22}},"type":"cond-expr","locations":[{"start":{"line":142,"column":16},"end":{"line":142,"column":82}},{"start":{"line":143,"column":18},"end":{"line":143,"column":22}}],"line":141},"10":{"loc":{"start":{"line":147,"column":18},"end":{"line":147,"column":58}},"type":"cond-expr","locations":[{"start":{"line":147,"column":34},"end":{"line":147,"column":44}},{"start":{"line":147,"column":47},"end":{"line":147,"column":58}}],"line":147},"11":{"loc":{"start":{"line":148,"column":21},"end":{"line":148,"column":126}},"type":"cond-expr","locations":[{"start":{"line":148,"column":37},"end":{"line":148,"column":106}},{"start":{"line":148,"column":109},"end":{"line":148,"column":126}}],"line":148},"12":{"loc":{"start":{"line":150,"column":22},"end":{"line":150,"column":53}},"type":"binary-expr","locations":[{"start":{"line":150,"column":22},"end":{"line":150,"column":33}},{"start":{"line":150,"column":37},"end":{"line":150,"column":53}}],"line":150},"13":{"loc":{"start":{"line":152,"column":13},"end":{"line":152,"column":87}},"type":"cond-expr","locations":[{"start":{"line":152,"column":29},"end":{"line":152,"column":57}},{"start":{"line":152,"column":60},"end":{"line":152,"column":87}}],"line":152},"14":{"loc":{"start":{"line":161,"column":11},"end":{"line":166,"column":11}},"type":"binary-expr","locations":[{"start":{"line":161,"column":11},"end":{"line":161,"column":23}},{"start":{"line":162,"column":12},"end":{"line":165,"column":19}}],"line":161}},"s":{"0":1,"1":4,"2":4,"3":4,"4":4,"5":4,"6":4,"7":4,"8":4,"9":4,"10":4,"11":4,"12":3,"13":1,"14":1,"15":4,"16":4,"17":4,"18":0,"19":0,"20":0,"21":0,"22":0,"23":0,"24":0,"25":0,"26":0,"27":0,"28":0,"29":0,"30":4,"31":0,"32":0,"33":0,"34":0,"35":0,"36":0,"37":0,"38":0,"39":0,"40":0,"41":0,"42":0,"43":0,"44":0,"45":0,"46":0,"47":4,"48":0,"49":0,"50":0,"51":0,"52":0,"53":0,"54":0,"55":1},"f":{"0":4,"1":3,"2":0,"3":0,"4":0,"5":0,"6":0,"7":0,"8":0},"b":{"0":[1,2],"1":[3,3],"2":[0,0],"3":[0,0],"4":[0,0],"5":[0,0],"6":[0,0],"7":[0,4],"8":[4,4],"9":[0,4],"10":[0,4],"11":[0,4],"12":[4,0],"13":[0,4],"14":[4,0]},"_coverageSchema":"1a1c01bbd47fc00a2c39e90264f33305004495a9","hash":"dfce8d1c666aa998c7f864cf6ffbfc2940a004cf"}
}
