TN:
SF:src\screens\CheckoutScreen.tsx
FN:12,(anonymous_0)
FN:35,(anonymous_1)
FN:45,(anonymous_2)
FN:63,(anonymous_3)
FN:110,(anonymous_4)
FN:142,(anonymous_5)
FN:148,(anonymous_6)
FN:178,(anonymous_7)
FN:179,(anonymous_8)
FNF:9
FNH:2
FNDA:4,(anonymous_0)
FNDA:3,(anonymous_1)
FNDA:0,(anonymous_2)
FNDA:0,(anonymous_3)
FNDA:0,(anonymous_4)
FNDA:0,(anonymous_5)
FNDA:0,(anonymous_6)
FNDA:0,(anonymous_7)
FNDA:0,(anonymous_8)
DA:12,1
DA:22,4
DA:24,4
DA:25,4
DA:26,4
DA:27,4
DA:29,4
DA:30,4
DA:31,4
DA:32,4
DA:33,4
DA:35,4
DA:36,3
DA:37,1
DA:38,1
DA:42,4
DA:43,4
DA:45,4
DA:46,0
DA:48,0
DA:49,0
DA:50,0
DA:51,0
DA:52,0
DA:53,0
DA:55,0
DA:56,0
DA:57,0
DA:59,0
DA:63,4
DA:64,0
DA:65,0
DA:67,0
DA:75,0
DA:78,0
DA:81,0
DA:83,0
DA:84,0
DA:87,0
DA:90,0
DA:91,0
DA:92,0
DA:97,0
DA:100,0
DA:101,0
DA:103,0
DA:107,4
DA:110,0
DA:142,0
DA:148,0
DA:178,0
DA:179,0
DA:200,1
LF:53
LH:21
BRDA:36,0,0,1
BRDA:36,0,1,2
BRDA:36,1,0,3
BRDA:36,1,1,3
BRDA:46,2,0,0
BRDA:46,2,1,0
BRDA:55,3,0,0
BRDA:55,3,1,0
BRDA:72,4,0,0
BRDA:72,4,1,0
BRDA:91,5,0,0
BRDA:91,5,1,0
BRDA:101,6,0,0
BRDA:101,6,1,0
BRDA:122,7,0,0
BRDA:122,7,1,4
BRDA:139,8,0,4
BRDA:139,8,1,4
BRDA:141,9,0,0
BRDA:141,9,1,4
BRDA:147,10,0,0
BRDA:147,10,1,4
BRDA:148,11,0,0
BRDA:148,11,1,4
BRDA:150,12,0,4
BRDA:150,12,1,0
BRDA:152,13,0,0
BRDA:152,13,1,4
BRDA:161,14,0,4
BRDA:161,14,1,0
BRF:30
BRH:13
end_of_record
